Determining if the pthread_create exist failed with the following output:
Change Dir: /home/dguerra/Aggregator/prototype/build/CMakeFiles/CMakeTmp

Run Build Command:/usr/bin/make "cmTryCompileExec495748642/fast"
/usr/bin/make -f CMakeFiles/cmTryCompileExec495748642.dir/build.make CMakeFiles/cmTryCompileExec495748642.dir/build
make[1]: Entering directory `/home/dguerra/Aggregator/prototype/build/CMakeFiles/CMakeTmp'
/usr/bin/cmake -E cmake_progress_report /home/dguerra/Aggregator/prototype/build/CMakeFiles/CMakeTmp/CMakeFiles 1
Building C object CMakeFiles/cmTryCompileExec495748642.dir/CheckSymbolExists.c.o
/usr/bin/cc    -o CMakeFiles/cmTryCompileExec495748642.dir/CheckSymbolExists.c.o   -c /home/dguerra/Aggregator/prototype/build/CMakeFiles/CMakeTmp/CheckSymbolExists.c
Linking C executable cmTryCompileExec495748642
/usr/bin/cmake -E cmake_link_script CMakeFiles/cmTryCompileExec495748642.dir/link.txt --verbose=1
/usr/bin/cc       CMakeFiles/cmTryCompileExec495748642.dir/CheckSymbolExists.c.o  -o cmTryCompileExec495748642 -rdynamic 
CMakeFiles/cmTryCompileExec495748642.dir/CheckSymbolExists.c.o: In function `main':
CheckSymbolExists.c:(.text+0x16): undefined reference to `pthread_create'
collect2: error: ld returned 1 exit status
make[1]: *** [cmTryCompileExec495748642] Error 1
make[1]: Leaving directory `/home/dguerra/Aggregator/prototype/build/CMakeFiles/CMakeTmp'
make: *** [cmTryCompileExec495748642/fast] Error 2

File /home/dguerra/Aggregator/prototype/build/CMakeFiles/CMakeTmp/CheckSymbolExists.c:
/* */
#include <pthread.h>

int main(int argc, char** argv)
{
  (void)argv;
#ifndef pthread_create
  return ((int*)(&pthread_create))[argc];
#else
  (void)argc;
  return 0;
#endif
}

Determining if the function pthread_create exists in the pthreads failed with the following output:
Change Dir: /home/dguerra/Aggregator/prototype/build/CMakeFiles/CMakeTmp

Run Build Command:/usr/bin/make "cmTryCompileExec1393213022/fast"
/usr/bin/make -f CMakeFiles/cmTryCompileExec1393213022.dir/build.make CMakeFiles/cmTryCompileExec1393213022.dir/build
make[1]: Entering directory `/home/dguerra/Aggregator/prototype/build/CMakeFiles/CMakeTmp'
/usr/bin/cmake -E cmake_progress_report /home/dguerra/Aggregator/prototype/build/CMakeFiles/CMakeTmp/CMakeFiles 1
Building C object CMakeFiles/cmTryCompileExec1393213022.dir/CheckFunctionExists.c.o
/usr/bin/cc   -DCHECK_FUNCTION_EXISTS=pthread_create   -o CMakeFiles/cmTryCompileExec1393213022.dir/CheckFunctionExists.c.o   -c /usr/share/cmake-2.8/Modules/CheckFunctionExists.c
Linking C executable cmTryCompileExec1393213022
/usr/bin/cmake -E cmake_link_script CMakeFiles/cmTryCompileExec1393213022.dir/link.txt --verbose=1
/usr/bin/cc   -DCHECK_FUNCTION_EXISTS=pthread_create    CMakeFiles/cmTryCompileExec1393213022.dir/CheckFunctionExists.c.o  -o cmTryCompileExec1393213022 -rdynamic -lpthreads 
/usr/bin/ld: cannot find -lpthreads
collect2: error: ld returned 1 exit status
make[1]: Leaving directory `/home/dguerra/Aggregator/prototype/build/CMakeFiles/CMakeTmp'
make[1]: *** [cmTryCompileExec1393213022] Error 1
make: *** [cmTryCompileExec1393213022/fast] Error 2


